c:\users\user\source\repos\first gui try\first gui try\x64\debug\vc143.pdb
c:\users\user\source\repos\first gui try\first gui try\x64\debug\.netframework,version=v4.7.2.assemblyattributes.obj
c:\users\user\source\repos\first gui try\first gui try\x64\debug\menuform.obj
c:\users\user\source\repos\first gui try\first gui try\x64\debug\registrationform.obj
c:\users\user\source\repos\first gui try\first gui try\x64\debug\matrixform.obj
c:\users\user\source\repos\first gui try\first gui try\x64\debug\integralform.obj
c:\users\user\source\repos\first gui try\first gui try\x64\debug\mainenterform.obj
c:\users\user\source\repos\first gui try\first gui try\x64\debug\linearequationform.obj
c:\users\user\source\repos\first gui try\first gui try\x64\debug\determinantform.obj
c:\users\user\source\repos\first gui try\x64\debug\first gui try.exe
c:\users\user\source\repos\first gui try\x64\debug\first gui try.pdb
c:\users\user\source\repos\first gui try\first gui try\x64\debug\first gui try.tlog\cl.command.1.tlog
c:\users\user\source\repos\first gui try\first gui try\x64\debug\first gui try.tlog\cl.items.tlog
c:\users\user\source\repos\first gui try\first gui try\x64\debug\first gui try.tlog\cl.read.1.tlog
c:\users\user\source\repos\first gui try\first gui try\x64\debug\first gui try.tlog\cl.write.1.tlog
c:\users\user\source\repos\first gui try\first gui try\x64\debug\first gui try.tlog\link.command.1.tlog
c:\users\user\source\repos\first gui try\first gui try\x64\debug\first gui try.tlog\link.read.1.tlog
c:\users\user\source\repos\first gui try\first gui try\x64\debug\first gui try.tlog\link.secondary.1.tlog
c:\users\user\source\repos\first gui try\first gui try\x64\debug\first gui try.tlog\link.write.1.tlog
c:\users\user\source\repos\first gui try\first gui try\x64\debug\first gui try.tlog\metagen.read.1.tlog
c:\users\user\source\repos\first gui try\first gui try\x64\debug\first gui try.tlog\metagen.write.1.tlog
c:\users\user\source\repos\first gui try\first gui try\x64\debug\first gui try.tlog\resgen.command.1.tlog
c:\users\user\source\repos\first gui try\first gui try\x64\debug\first gui try.tlog\resgen.read.1.tlog
c:\users\user\source\repos\first gui try\first gui try\x64\debug\first gui try.tlog\resgen.write.1.tlog
